#-----------------------------------------------------------
# xsim v2024.2 (64-bit)
# SW Build 5239630 on Fri Nov 08 22:34:34 MST 2024
# IP Build 5239520 on Sun Nov 10 16:12:51 MST 2024
# SharedData Build 5239561 on Fri Nov 08 14:39:27 MST 2024
# Start of session at: Tue Jun 30 12:14:23 2026
# Process ID         : 30611
# Current directory  : /home/shawon/files1_tb/build
# Command line       : xsim -log ../log/xsim.log -mode tcl -source {xsim.dir/practice_sim/xsim_script.tcl}
# Log file           : /home/shawon/files1_tb/build/../log/xsim.log
# Journal file       : /home/shawon/files1_tb/build/xsim.jou
# Running On         : vlsi-34-240
# Platform           : Ubuntu
# Operating System   : Ubuntu 20.04.6 LTS
# Processor Detail   : Intel(R) Core(TM) i5-8500 CPU @ 3.00GHz
# CPU Frequency      : 3000.000 MHz
# CPU Physical cores : 6
# CPU Logical cores  : 6
# Host memory        : 8122 MB
# Swap memory        : 2147 MB
# Total Virtual      : 10269 MB
# Available Virtual  : 4271 MB
#-----------------------------------------------------------
source xsim.dir/practice_sim/xsim_script.tcl
# xsim {practice_sim} -autoloadwcfg -runall
Time resolution is 1 ps
run -all

========== AXI TXN ==========
ID    = 8
ADDR  = 0xd462197b
LEN   = 4 (beats=5)
SIZE  = 1
BURST = 1
END   = 0xd4621984
---- BEAT ADDRESSES ----
Beat 0 addr = 0xd462197b
Beat 1 addr = 0xd462197d
Beat 2 addr = 0xd462197f
Beat 3 addr = 0xd4621981
Beat 4 addr = 0xd4621983
=============================


========== AXI TXN ==========
ID    = 4
ADDR  = 0xc7184f58
LEN   = 9 (beats=10)
SIZE  = 1
BURST = 2
END   = 0xc7184f6b
---- BEAT ADDRESSES ----
Beat 0 addr = 0xc7184f58
Beat 1 addr = 0xc7184f5a
Beat 2 addr = 0xc7184f5c
Beat 3 addr = 0xc7184f5e
Beat 4 addr = 0xc7184f60
Beat 5 addr = 0xc7184f62
Beat 6 addr = 0xc7184f64
Beat 7 addr = 0xc7184f66
Beat 8 addr = 0xc7184f68
Beat 9 addr = 0xc7184f6a
=============================


========== AXI TXN ==========
ID    = 4
ADDR  = 0x1715d2bd
LEN   = 8 (beats=9)
SIZE  = 3
BURST = 1
END   = 0x1715d304
---- BEAT ADDRESSES ----
Beat 0 addr = 0x1715d2bd
Beat 1 addr = 0x1715d2c5
Beat 2 addr = 0x1715d2cd
Beat 3 addr = 0x1715d2d5
Beat 4 addr = 0x1715d2dd
Beat 5 addr = 0x1715d2e5
Beat 6 addr = 0x1715d2ed
Beat 7 addr = 0x1715d2f5
Beat 8 addr = 0x1715d2fd
=============================


========== AXI TXN ==========
ID    = 5
ADDR  = 0x1ce0e86e
LEN   = 7 (beats=8)
SIZE  = 2
BURST = 2
END   = 0x1ce0e88d
---- BEAT ADDRESSES ----
Beat 0 addr = 0x1ce0e86e
Beat 1 addr = 0x1ce0e872
Beat 2 addr = 0x1ce0e876
Beat 3 addr = 0x1ce0e87a
Beat 4 addr = 0x1ce0e87e
Beat 5 addr = 0x1ce0e882
Beat 6 addr = 0x1ce0e886
Beat 7 addr = 0x1ce0e88a
=============================


========== AXI TXN ==========
ID    = 13
ADDR  = 0x7a9f1f99
LEN   = 4 (beats=5)
SIZE  = 2
BURST = 1
END   = 0x7a9f1fac
---- BEAT ADDRESSES ----
Beat 0 addr = 0x7a9f1f99
Beat 1 addr = 0x7a9f1f9d
Beat 2 addr = 0x7a9f1fa1
Beat 3 addr = 0x7a9f1fa5
Beat 4 addr = 0x7a9f1fa9
=============================

$finish called at time : 10 ns : File "/home/shawon/files1_tb/practice.sv" Line 199
exit
INFO: [Common 17-206] Exiting xsim at Tue Jun 30 12:14:26 2026...
